C51 COMPILER V9.52.0.0   KONGTIAO                                                          08/05/2018 19:11:22 PAGE 1   


C51 COMPILER V9.52.0.0, COMPILATION OF MODULE KONGTIAO
OBJECT MODULE PLACED IN .\Objects\kongtiao.obj
COMPILER INVOKED BY: D:\KEIL C51\C51\BIN\C51.EXE kongtiao.c BROWSE DEBUG OBJECTEXTEND PRINT(.\Listings\kongtiao.lst) TAB
                    -S(2) OBJECT(.\Objects\kongtiao.obj)

line level    source

   1          #include "kongtiao.h"
   2          
   3          unsigned char temper=0;//0-14 代表17-30 度
   4          unsigned char model=0;//模式
   5          //空调温度数组                     17℃                                                             30℃
   6          unsigned char code AIR_temper_arr[14]={0x00,0x10,0x30,0x20,0x60,0x70,0x50,0x40,0xc0,0xd0,0x90,0x80,0xa0,0x
             -b0};
   7          //空调模式数组       
   8          unsigned char code AIR_Model_arr[4]={0x08,0x00,0x04,0x0c};
   9          
  10          void AIR_temper_add(void)
  11          {
  12   1        unsigned char temp;
  13   1      
  14   1        if(temper>13)
  15   1        temper=13;
  16   1        else 
  17   1        temper++;
  18   1        
  19   1        temp=AIR_temper_arr[temper];
  20   1        temp|=model<<2;
  21   1        temp&=0xfc;
  22   1        IR_temper_change(temp);
  23   1      
  24   1      } 
  25          
  26          void AIR_temper_mul(void)
  27          {
  28   1        unsigned char temp;
  29   1      
  30   1        if(temper==0)
  31   1        temper=0;
  32   1        else
  33   1        temper--;
  34   1        temp=AIR_temper_arr[temper];
  35   1        temp|=model<<2;
  36   1        temp&=0xfc;
  37   1        IR_temper_change(temp);
  38   1      }
  39          void AIR_Model(void)
  40          {
  41   1      unsigned char temp;
  42   1        model++;
  43   1        if(model>3)
  44   1        model=0;
  45   1        temp=AIR_temper_arr[temper];
  46   1        temp|=AIR_Model_arr[model];
  47   1        IR_temper_change(temp);
  48   1      }


MODULE INFORMATION:   STATIC OVERLAYABLE
   CODE SIZE        =     96    ----
   CONSTANT SIZE    =     18    ----
C51 COMPILER V9.52.0.0   KONGTIAO                                                          08/05/2018 19:11:22 PAGE 2   

   XDATA SIZE       =   ----    ----
   PDATA SIZE       =   ----    ----
   DATA SIZE        =      2    ----
   IDATA SIZE       =   ----    ----
   BIT SIZE         =   ----    ----
END OF MODULE INFORMATION.


C51 COMPILATION COMPLETE.  0 WARNING(S),  0 ERROR(S)
