C51 COMPILER V9.52.0.0   USART                                                             08/19/2018 17:18:13 PAGE 1   


C51 COMPILER V9.52.0.0, COMPILATION OF MODULE USART
OBJECT MODULE PLACED IN .\Objects\Usart.obj
COMPILER INVOKED BY: D:\KEIL C51\C51\BIN\C51.EXE Usart.c BROWSE DEBUG OBJECTEXTEND PRINT(.\Listings\Usart.lst) TABS(2) O
                    -BJECT(.\Objects\Usart.obj)

line level    source

   1          /*---------------------------------------------------------------------*/
   2          /* --- STC MCU Limited ------------------------------------------------*/
   3          /* --- STC15F4K60S4 系列 定时器2用作串口1的波特率发生器举例------------*/
   4          /* --- Mobile: (86)13922805190 ----------------------------------------*/
   5          /* --- Fax: 86-0513-55012956,55012947,55012969 ------------------------*/
   6          /* --- Tel: 86-0513-55012928,55012929,55012966-------------------------*/
   7          /* --- Web: www.STCMCU.com --------------------------------------------*/
   8          /* --- Web: www.GXWMCU.com --------------------------------------------*/
   9          /* 如果要在程序中使用此代码,请在程序中注明使用了STC的资料及程序        */
  10          /* 如果要在文章中应用此代码,请在文章中注明使用了STC的资料及程序        */
  11          /*---------------------------------------------------------------------*/
  12          
  13          //本示例在Keil开发环境下请选择Intel的8058芯片型号进行编译
  14          //若无特别说明,工作频率一般为11.0592MHz
  15          
  16          
  17          #include "usart.h"
  18          
  19          
  20          #define FOSC 12000000L          //系统频率
  21          #define BAUD 115200             //串口波特率
  22          
  23          #define NONE_PARITY     0       //无校验
  24          #define ODD_PARITY      1       //奇校验
  25          #define EVEN_PARITY     2       //偶校验
  26          #define MARK_PARITY     3       //标记校验
  27          #define SPACE_PARITY    4       //空白校验
  28          
  29          #define PARITYBIT NONE_PARITY   //定义校验位
  30          
  31          
  32          
  33          #define S1_S0 0x40              //P_SW1.6
  34          #define S1_S1 0x80              //P_SW1.7
  35          
  36          bit busy;
  37          BYTE flag=0;
  38          BYTE munber=0;
  39          BYTE BLEReceive_buff[2];
  40          bit full=0;
  41          extern bit send_flag;
  42          void SendData(BYTE dat);
  43          void SendString(char *s);
  44          
  45          void Usart_init()
  46          {
  47   1      
  48   1      
  49   1          ACC = P_SW1;
  50   1          ACC &= ~(S1_S0 | S1_S1);    //S1_S0=0 S1_S1=0
  51   1          P_SW1 = ACC;                //(P3.0/RxD, P3.1/TxD)
  52   1          
  53   1      //  ACC = P_SW1;
  54   1      //  ACC &= ~(S1_S0 | S1_S1);    //S1_S0=1 S1_S1=0
C51 COMPILER V9.52.0.0   USART                                                             08/19/2018 17:18:13 PAGE 2   

  55   1      //  ACC |= S1_S0;               //(P3.6/RxD_2, P3.7/TxD_2)
  56   1      //  P_SW1 = ACC;  
  57   1      //  
  58   1      //  ACC = P_SW1;
  59   1      //  ACC &= ~(S1_S0 | S1_S1);    //S1_S0=0 S1_S1=1
  60   1      //  ACC |= S1_S1;               //(P1.6/RxD_3, P1.7/TxD_3)
  61   1      //  P_SW1 = ACC;  
  62   1      
  63   1      #if (PARITYBIT == NONE_PARITY)
  64   1          SCON = 0x50;                //8位可变波特率
  65   1      #elif (PARITYBIT == ODD_PARITY) || (PARITYBIT == EVEN_PARITY) || (PARITYBIT == MARK_PARITY)
                  SCON = 0xda;                //9位可变波特率,校验位初始为1
              #elif (PARITYBIT == SPACE_PARITY)
                  SCON = 0xd2;                //9位可变波特率,校验位初始为0
              #endif
  70   1      
  71   1          T2L = (65536 - (FOSC/4/BAUD));   //设置波特率重装值
  72   1          T2H = (65536 - (FOSC/4/BAUD))>>8;
  73   1          AUXR = 0x14;                //T2为1T模式, 并启动定时器2
  74   1          AUXR |= 0x01;               //选择定时器2为串口1的波特率发生器
  75   1          ES = 1;                     //使能串口1中断
  76   1          EA = 1;
  77   1      
  78   1        // SendString("STC15F2K60S2\r\nUart Test !\r\n");
  79   1      //  while(1);
  80   1      }
  81          
  82          /*----------------------------
  83          UART 中断服务程序
  84          -----------------------------*/
  85          void Uart() interrupt 4 using 1
  86          {
  87   1        static bit dat=0;
  88   1            if (RI)
  89   1          {
  90   2              RI = 0; 
  91   2      //      if(BLEReceive[1]!=0x00)
  92   2      //        dat=0;
  93   2      //      if(dat==1)flag++;
  94   2      //      if(flag>=8)flag=0;
  95   2              BLEReceive_buff[dat]=SBUF;
  96   2              dat=!dat;
  97   2            
  98   2      //      BLEReceive_buff[munber]=SBUF;
  99   2      //        munber++;
 100   2      //      if(munber==8)
 101   2      //      {
 102   2      //        munber=0;
 103   2      //        full=1;
 104   2      //      }
 105   2      //  
 106   2         }
 107   1        
 108   1            if (TI)
 109   1          {
 110   2              TI = 0;                 //清除TI位
 111   2              busy = 0;               //清忙标志
 112   2          }
 113   1          
 114   1      
 115   1      
 116   1      
C51 COMPILER V9.52.0.0   USART                                                             08/19/2018 17:18:13 PAGE 3   

 117   1      }
 118          /*----------------------------
 119          发送串口数据
 120          ----------------------------*/
 121          void SendData(BYTE dat)
 122          {
 123   1          while (busy);               //等待前面的数据发送完成
 124   1          ACC = dat;                  //获取校验位P (PSW.0)
 125   1          if (P)                      //根据P来设置校验位
 126   1          {
 127   2      #if (PARITYBIT == ODD_PARITY)
                      TB8 = 0;                //设置校验位为0
              #elif (PARITYBIT == EVEN_PARITY)
                      TB8 = 1;                //设置校验位为1
              #endif
 132   2          }
 133   1          else
 134   1          {
 135   2      #if (PARITYBIT == ODD_PARITY)
                      TB8 = 1;                //设置校验位为1
              #elif (PARITYBIT == EVEN_PARITY)
                      TB8 = 0;                //设置校验位为0
              #endif
 140   2          }
 141   1          busy = 1;
 142   1          SBUF = ACC;                 //写数据到UART数据寄存器
 143   1      }
 144          
 145          /*----------------------------
 146          发送字符串
 147          ----------------------------*/
 148          void SendString(char *s)
 149          {
 150   1          while (*s)                  //检测字符串结束标志
 151   1          {
 152   2              SendData(*s++);         //发送当前字符
 153   2          }
 154   1      }
 155          void Delay80us()    //@12.000MHz
 156          {
 157   1        unsigned char i, j;
 158   1      
 159   1        i = 1;
 160   1        j = 236;
 161   1        do
 162   1        {
 163   2          while (--j);
 164   2        } while (--i);
 165   1      }
 166          
 167          void SendString_Size(char *s,unsigned char Size)
 168          {
 169   1        unsigned char i;
 170   1        for(i=0;i<Size;i++)
 171   1        {
 172   2           SendData(*s++);
 173   2          Delay80us();
 174   2      }
 175   1      
 176   1      }
 177          

C51 COMPILER V9.52.0.0   USART                                                             08/19/2018 17:18:13 PAGE 4   


MODULE INFORMATION:   STATIC OVERLAYABLE
   CODE SIZE        =    151    ----
   CONSTANT SIZE    =   ----    ----
   XDATA SIZE       =   ----    ----
   PDATA SIZE       =   ----    ----
   DATA SIZE        =      4       6
   IDATA SIZE       =   ----    ----
   BIT SIZE         =      3    ----
END OF MODULE INFORMATION.


C51 COMPILATION COMPLETE.  0 WARNING(S),  0 ERROR(S)
