C51 COMPILER V9.52.0.0   KONGTIAO                                                          07/14/2018 20:26:06 PAGE 1   


C51 COMPILER V9.52.0.0, COMPILATION OF MODULE KONGTIAO
OBJECT MODULE PLACED IN .\Objects\kongtiao.obj
COMPILER INVOKED BY: D:\KEIL C51\C51\BIN\C51.EXE kongtiao.c BROWSE DEBUG OBJECTEXTEND PRINT(.\Listings\kongtiao.lst) TAB
                    -S(2) OBJECT(.\Objects\kongtiao.obj)

line level    source

   1          #include "kongtiao.h"
   2          #include "IR.h"
   3          #include "Usart.h"
   4          unsigned char temper=0;//0-14 代表17-30 度
   5          unsigned char model=0;//模式
   6          unsigned char poewr=0;//模式0 关机，255 开机
   7          //空调温度数组                           17℃                                                             
             -30℃
   8          unsigned char code AIR_temper_arr[14]={0x00,0x10,0x30,0x20,0x60,0x70,0x50,0x40,0xc0,0xd0,0x90,0x80,0xa0,0x
             -b0};
   9          //空调模式数组       
  10          unsigned char code AIR_Model_arr[4]={0x08,0x00,0x04,0x0c};
  11          // 发送给主机空调数据数组,S为空调识别码   温度  模式  开关机
  12          unsigned char  send_data[6]={':',':','S',17,0,0};
  13          extern void Delay1ms();
  14          void BLE_reset(void)
  15          {
  16   1          Delay25ms();//保证数据至少发出一帧
  17   1          BLE=0;  //至少拉低200us后拉高，或悬空
  18   1          Delay1ms();
  19   1          BLE=1;
  20   1      }
  21          void AIR_On_oFF(void) 
  22          { 
  23   1            Timer1Init_IR();
  24   1            ET0=1;
  25   1            IRsend_order(0xb2,0x4d,0x1f,0xe0,0x48,0xb7);
  26   1            IRsend_order(0xb2,0x4d,0x1f,0xe0,0x48,0xb7);
  27   1            ET0=0;
  28   1            P14=0;
  29   1            poewr=~poewr;
  30   1          send_data[5]=poewr;
  31   1          Timer1Init_main();
  32   1          SendString(send_data);
  33   1          BLE_reset();
  34   1      
  35   1      } 
  36          void AIR_temper_add(void)
  37          {
  38   1        unsigned char temp;
  39   1          Timer1Init_IR();
  40   1        if(temper==13)
  41   1        temper=13;
  42   1        else 
  43   1        temper=temper+1;
  44   1        
  45   1        temp=AIR_temper_arr[temper];
  46   1        temp|=AIR_Model_arr[model];
  47   1        IR_temper_change(temp);
  48   1          send_data[3]=temp+17;
  49   1      Timer1Init_main();
  50   1          SendString(send_data);
  51   1          BLE_reset();
  52   1      } 
C51 COMPILER V9.52.0.0   KONGTIAO                                                          07/14/2018 20:26:06 PAGE 2   

  53          
  54          void AIR_temper_mul(void)
  55          {
  56   1        unsigned char temp;
  57   1          Timer1Init_IR();  // 定时器打开
  58   1        if(temper==0)
  59   1        temper=0;
  60   1        else
  61   1          temper=temper-1;
  62   1        temp=AIR_temper_arr[temper];//温度赋值
  63   1        temp|=AIR_Model_arr[model];//模式赋值
  64   1        IR_temper_change(temp);//红外发射
  65   1            send_data[3]=temp+17;
  66   1        Timer1Init_main();// 定时器打开 分时复用
  67   1          SendString(send_data);
  68   1          BLE_reset();
  69   1      
  70   1      }
  71          void AIR_Model(void)
  72          {
  73   1      unsigned char temp;
  74   1            Timer1Init_IR();
  75   1        model=model+1;
  76   1        if(model>3)
  77   1        model=0;
  78   1        temp=AIR_temper_arr[temper];
  79   1        temp|=AIR_Model_arr[model];
  80   1        IR_temper_change(temp);
  81   1            send_data[4]=temp+'0';
  82   1        Timer1Init_main();
  83   1          SendString(send_data);
  84   1          BLE_reset();
  85   1      }


MODULE INFORMATION:   STATIC OVERLAYABLE
   CODE SIZE        =    246    ----
   CONSTANT SIZE    =     18    ----
   XDATA SIZE       =   ----    ----
   PDATA SIZE       =   ----    ----
   DATA SIZE        =      9       3
   IDATA SIZE       =   ----    ----
   BIT SIZE         =   ----    ----
END OF MODULE INFORMATION.


C51 COMPILATION COMPLETE.  0 WARNING(S),  0 ERROR(S)
