C51 COMPILER V9.52.0.0   MAIN                                                              08/19/2018 17:16:01 PAGE 1   


C51 COMPILER V9.52.0.0, COMPILATION OF MODULE MAIN
OBJECT MODULE PLACED IN .\Objects\main.obj
COMPILER INVOKED BY: D:\KEIL C51\C51\BIN\C51.EXE main.c BROWSE DEBUG OBJECTEXTEND PRINT(.\Listings\main.lst) TABS(2) OBJ
                    -ECT(.\Objects\main.obj)

line level    source

   1          #include "stc15.h"
   2          #include "usart.h"
   3          #include "OLED.h"
   4          #include "kongtiao.h"
   5          #include "IR.h"
   6          #define BLE_RST_WAIT_TIME 4 //4*20 80ms 
   7          #define Slave_adrr 0x41 //从设备识别地址A 0x41  B 0x42  C 0x43 D 0x44
   8          extern unsigned char temper;//0-14 代表17-30 度
   9          extern unsigned char model;//模式
  10          extern unsigned char flag;
  11          unsigned char  BLEReceive[2];
  12          extern unsigned char BLEReceive_buff[2];
  13          extern unsigned char  send_data[6];
  14          extern bit full;
  15          unsigned char time_flag=0;
  16          bit read_buff=0;
  17          bit BLE_RST_Flag_bit=0;
  18          unsigned char BLE_RST_Flag=1;//蓝牙复位，避免使用延时，当为零时复位开始，
  19          void Delay25ms()    //@12.000MHz
  20          {
  21   1        unsigned char i, j, k;
  22   1      
  23   1        _nop_();
  24   1        _nop_();
  25   1        i = 2;
  26   1        j = 36;
  27   1        k = 206;
  28   1        do
  29   1        {
  30   2          do
  31   2          {
  32   3            while (--k);
  33   3          } while (--j);
  34   2        } while (--i);
  35   1      }
  36          
  37          
  38          void Timer1Init_main(void)    //20毫秒@12.000MHz
  39          {
  40   1        AUXR &= 0xBF;   //定时器时钟12T模式
  41   1        TMOD &= 0x0F;   //设置定时器模式
  42   1        TL1 = 0xE0;   //设置定时初值
  43   1        TH1 = 0xB1;   //设置定时初值
  44   1        TF1 = 0;    //清除TF1标志
  45   1        TR1 = 1;    //定时器1开始计时
  46   1        ET1=1;
  47   1        EA=1;
  48   1      }
  49          void Delay1ms()   //@12.000MHz
  50          {
  51   1        unsigned char i, j;
  52   1      
  53   1        i = 12;
  54   1        j = 169;
C51 COMPILER V9.52.0.0   MAIN                                                              08/19/2018 17:16:01 PAGE 2   

  55   1        do
  56   1        {
  57   2          while (--j);
  58   2        } while (--i);
  59   1      }
  60          void system_init(void)
  61          {
  62   1        BLE=0;//复位按键
  63   1        Delay1ms();
  64   1        BLE=1;//复位按键
  65   1        P15=1;
  66   1        P14=0;
  67   1        OLED_Init();
  68   1        Usart_init();
  69   1        Timer1Init_main();
  70   1        IR_init();
  71   1        WriteChinese16x16(0,0,"模拟空调");
  72   1        WriteStr_8x16(0,80,"CLOSE");
  73   1        WriteChinese16x16(1,0,"℃");  
  74   1        WriteStr_8x16(1,18,":");
  75   1        WriteChinese16x16(2,0,"模式 ：");
  76   1        WriteStr_8x16(2,34,":");
  77   1      }
  78          
  79          void Check_uart_buff(void)
  80          {
  81   1        unsigned char i=0;
  82   1        if(BLEReceive_buff[0]==Slave_adrr)
  83   1        {
  84   2      //    if(BLEReceive_buff[0]==Slave_adrr && BLEReceive_buff[2]==Slave_adrr )
  85   2      //        if(BLEReceive_buff[1]== BLEReceive_buff[3] )
  86   2      //        {
  87   2                BLEReceive[0]=BLEReceive_buff[0];
  88   2                BLEReceive[1]=BLEReceive_buff[1];
  89   2      //        }
  90   2            for(i=0;i<2;i++)
  91   2            {
  92   3              BLEReceive_buff[i]=0x00;
  93   3            }
  94   2        }
  95   1        if(BLEReceive_buff[1]==Slave_adrr)
  96   1        {
  97   2      //      if(BLEReceive_buff[1]==Slave_adrr && BLEReceive_buff[3]==Slave_adrr )
  98   2      //        if(BLEReceive_buff[2]== BLEReceive_buff[4] )
  99   2      //        {
 100   2                BLEReceive[0]=BLEReceive_buff[1];
 101   2                BLEReceive[1]=BLEReceive_buff[0];
 102   2      //        }
 103   2            for(i=0;i<2;i++)
 104   2            {
 105   3              BLEReceive_buff[i]=0x00;
 106   3            }
 107   2          
 108   2        }
 109   1      
 110   1      }
 111          
 112          
 113          /*
 114          开空调 000
 115          空调开 000
 116          打开空调 000    Aa
C51 COMPILER V9.52.0.0   MAIN                                                              08/19/2018 17:16:01 PAGE 3   

 117          空调打开 000
 118          
 119          空调关 001
 120          关空调 001
 121          关闭空调 001    Ab
 122          空调关闭 001
 123          
 124          冷一点 002
 125          太热了 002
 126          温度低一点 002   Ac
 127          降低温度 002
 128          
 129          热一点 003
 130          太冷了 003       Ad
 131          升高温度 003
 132          温度高一点 003
 133          
 134          换个模式 004    Ae
 135          
 136          制冷 005      Af
 137          制冷模式 005
 138          
 139          制热 006        Ag
 140          制热模式  006
 141          
 142          抽湿 007
 143          抽湿模式  007   Ah
 144          
 145          自动模式 008    Ai
 146          */
 147          void main()
 148          {
 149   1        unsigned char sum=0;
 150   1        system_init();
 151   1        while(1)
 152   1        {
 153   2          if(BLEReceive[0]==Slave_adrr   )//判断接收到数据前八位是否为从机地址
 154   2          {
 155   3            BLEReceive[0]=0x00;//清除
 156   3            switch(BLEReceive[1])//判断后八位对应功能
 157   3            {
 158   4              case 'a':
 159   4                AIR_On_on();
 160   4              break;
 161   4              case 'b':
 162   4                AIR_On_oFF();
 163   4              break;
 164   4              
 165   4              case 'c':
 166   4                AIR_temper_mul();     
 167   4              break;
 168   4              
 169   4              case 'd':
 170   4                AIR_temper_add();
 171   4              break;
 172   4              
 173   4                //换个模式 004    Ae
 174   4              case 'e':
 175   4                AIR_Model();
 176   4              break;
 177   4                
 178   4            //制冷 005      Af  自动0,"制冷1","抽湿2","制热3"  
C51 COMPILER V9.52.0.0   MAIN                                                              08/19/2018 17:16:01 PAGE 4   

 179   4              case 'f':   
 180   4                Model_Change(COOl);
 181   4              break;  
 182   4            //  制热 006        Ag
 183   4              case 'g':
 184   4                Model_Change(Hot);  
 185   4              break;  
 186   4            //  抽湿模式  007   Ah
 187   4              case 'h':
 188   4              Model_Change(WETTED);   
 189   4              break;  
 190   4            //  自动模式 008    Ai
 191   4              case 'i':
 192   4              Model_Change(Auto);     
 193   4              break;      
 194   4              case 'j':
 195   4              break;  
 196   4      
 197   4              default :
 198   4            if(BLEReceive[1]>'m')
 199   4              {
 200   5                AIR_temper_Set(BLEReceive[1]-'m');//差值0-13
 201   5              }
 202   4              
 203   4            }
 204   3            
 205   3      
 206   3            BLEReceive[1]=0x00;
 207   3      
 208   3          }//
 209   2            
 210   2          PrintNum_8x16(3,0,sum);
 211   2            if(time_flag==1)
 212   2            {
 213   3              time_flag=0;
 214   3              sum++;
 215   3      
 216   3                Send_info();
 217   3      
 218   3              if(sum>9)sum=0;
 219   3              
 220   3            }
 221   2            if(read_buff)
 222   2            {
 223   3              read_buff=0;
 224   3              Check_uart_buff();
 225   3              
 226   3            }
 227   2            //标志成立进行蓝牙复位，避免适应延时降低响应
 228   2            if(BLE_RST_Flag>=BLE_RST_WAIT_TIME &&BLE_RST_Flag_bit)
 229   2            {   
 230   3              BLE_reset();
 231   3              BLE_RST_Flag=0;
 232   3              BLE_RST_Flag_bit=0;
 233   3            }
 234   2            
 235   2      
 236   2        }
 237   1      }
 238          //20ms 中断
 239          void tm1_isr() interrupt 3 using 1
 240          {
C51 COMPILER V9.52.0.0   MAIN                                                              08/19/2018 17:16:01 PAGE 5   

 241   1          static unsigned char mun;
 242   1        mun++;
 243   1        if(BLE_RST_Flag_bit)
 244   1        {
 245   2          if(BLE_RST_Flag<BLE_RST_WAIT_TIME)
 246   2          BLE_RST_Flag++; 
 247   2        }
 248   1        if(mun%3==0)  //100MS
 249   1        {
 250   2        
 251   2          read_buff=1;
 252   2          
 253   2        }
 254   1        if(mun==50)
 255   1        {
 256   2          mun=0;
 257   2          time_flag=1;
 258   2        }
 259   1      }
 260          


MODULE INFORMATION:   STATIC OVERLAYABLE
   CODE SIZE        =    430    ----
   CONSTANT SIZE    =     28    ----
   XDATA SIZE       =   ----    ----
   PDATA SIZE       =   ----    ----
   DATA SIZE        =      5       1
   IDATA SIZE       =   ----    ----
   BIT SIZE         =      2    ----
END OF MODULE INFORMATION.


C51 COMPILATION COMPLETE.  0 WARNING(S),  0 ERROR(S)
