Removed Pin From Net: NetName=GND Pin=C13-1
Removed Pin From Net: NetName=3.3V Pin=C13-2
Removed Pin From Net: NetName=GND Pin=C14-1
Removed Pin From Net: NetName=3.3V Pin=C14-2
Removed Pin From Net: NetName=3.3V Pin=R20-2
Removed Pin From Net: NetName=GND Pin=U1-10
Removed Pin From Net: NetName=3.3V Pin=U1-11
Removed Pin From Net: NetName=OSC_IN Pin=U1-12
Removed Pin From Net: NetName=OSC_OUT Pin=U1-13
Removed Pin From Net: NetName=NRST Pin=U1-14
Removed Pin From Net: NetName=BD0 Pin=U1-15
Removed Pin From Net: NetName=BD1 Pin=U1-16
Removed Pin From Net: NetName=SYNWIFI Pin=U1-17
Removed Pin From Net: NetName=SYNRB Pin=U1-18
Removed Pin From Net: NetName=GND Pin=U1-19
Removed Pin From Net: NetName=GND Pin=U1-20
Removed Pin From Net: NetName=3.3V Pin=U1-21
Removed Pin From Net: NetName=3.3V Pin=U1-22
Removed Pin From Net: NetName=USART2_TX Pin=U1-25
Removed Pin From Net: NetName=USART2_RX Pin=U1-26
Removed Pin From Net: NetName=GND Pin=U1-27
Removed Pin From Net: NetName=3.3V Pin=U1-28
Removed Pin From Net: NetName=SYNREC Pin=U1-33
Removed Pin From Net: NetName=SYNRESET Pin=U1-34
Removed Pin From Net: NetName=NRESET Pin=U1-35
Removed Pin From Net: NetName=WAKE Pin=U1-36
Removed Pin From Net: NetName=BOOT1 Pin=U1-37
Removed Pin From Net: NetName=PE7 Pin=U1-38
Removed Pin From Net: NetName=PE8 Pin=U1-39
Removed Pin From Net: NetName=PE9 Pin=U1-40
Removed Pin From Net: NetName=PE10 Pin=U1-41
Removed Pin From Net: NetName=PE11 Pin=U1-42
Removed Pin From Net: NetName=PE12 Pin=U1-43
Removed Pin From Net: NetName=PE13 Pin=U1-44
Removed Pin From Net: NetName=PE14 Pin=U1-45
Removed Pin From Net: NetName=PE15 Pin=U1-46
Removed Pin From Net: NetName=USART3_TX Pin=U1-47
Removed Pin From Net: NetName=USART3_RX Pin=U1-48
Removed Pin From Net: NetName=GND Pin=U1-49
Removed Pin From Net: NetName=3.3V Pin=U1-50
Removed Pin From Net: NetName=PD8 Pin=U1-55
Removed Pin From Net: NetName=PD9 Pin=U1-56
Removed Pin From Net: NetName=PD10 Pin=U1-57
Removed Pin From Net: NetName=PD11 Pin=U1-58
Removed Pin From Net: NetName=BK Pin=U1-59
Removed Pin From Net: NetName=PD13 Pin=U1-60
Removed Pin From Net: NetName=PD14 Pin=U1-61
Removed Pin From Net: NetName=PD15 Pin=U1-62
Removed Pin From Net: NetName=PC8 Pin=U1-65
Removed Pin From Net: NetName=PC9 Pin=U1-66
Removed Pin From Net: NetName=USART1_TX Pin=U1-68
Removed Pin From Net: NetName=USART1_RX Pin=U1-69
Removed Pin From Net: NetName=KEY1 Pin=U1-70
Removed Pin From Net: NetName=TMS Pin=U1-72
Removed Pin From Net: NetName=GND Pin=U1-74
Removed Pin From Net: NetName=3.3V Pin=U1-75
Removed Pin From Net: NetName=TCK Pin=U1-76
Removed Pin From Net: NetName=TDI Pin=U1-77
Removed Pin From Net: NetName=PC10 Pin=U1-78
Removed Pin From Net: NetName=PC10 Pin=U1-79
Removed Pin From Net: NetName=PC12 Pin=U1-80
Removed Pin From Net: NetName=PD0 Pin=U1-81
Removed Pin From Net: NetName=PD1 Pin=U1-82
Removed Pin From Net: NetName=SDIO_PD2 Pin=U1-83
Removed Pin From Net: NetName=PD4 Pin=U1-85
Removed Pin From Net: NetName=PD5 Pin=U1-86
Removed Pin From Net: NetName=PD7 Pin=U1-88
Removed Pin From Net: NetName=TDO Pin=U1-89
Removed Pin From Net: NetName=NTRST Pin=U1-90
Removed Pin From Net: NetName=BOOT0 Pin=U1-94
Removed Pin From Net: NetName=PE0 Pin=U1-97
Removed Pin From Net: NetName=PE1 Pin=U1-98
Removed Pin From Net: NetName=GND Pin=U1-99
Removed Pin From Net: NetName=3.3V Pin=U1-100
Change Component Footprint: Designator=C13 Old Footprint=0805-2 New Footprint=C-RAD-0603
Change Component Footprint: Designator=C14 Old Footprint=0805-ÓÐË¿Ó¡ New Footprint=C-RAD-0603
Change Component Footprint: Designator=U1 Old Footprint=LQFP-100_M New Footprint=TQFP144_N
Change Component Comment : Designator=U1 Old Comment=STM32F103V New Comment=STM32F103Z
Added Component: Designator=C16(C-RAD-0603)
Added Pin To Net: NetName=GND Pin=C13-2
Added Pin To Net: NetName=GND Pin=C14-2
Added Pin To Net: NetName=3.3V Pin=C16-1
Added Pin To Net: NetName=GND Pin=C16-2
Added Pin To Net: NetName=3.3V Pin=R20-1
Added Pin To Net: NetName=GND Pin=U1-16
Added Pin To Net: NetName=3.3V Pin=U1-17
Added Pin To Net: NetName=OSC_IN Pin=U1-23
Added Pin To Net: NetName=OSC_OUT Pin=U1-24
Added Pin To Net: NetName=NRST Pin=U1-25
Added Pin To Net: NetName=BD0 Pin=U1-26
Added Pin To Net: NetName=BD1 Pin=U1-27
Added Pin To Net: NetName=SYNWIFI Pin=U1-28
Added Pin To Net: NetName=SYNRB Pin=U1-29
Added Pin To Net: NetName=GND Pin=U1-30
Added Pin To Net: NetName=GND Pin=U1-31
Added Pin To Net: NetName=USART2_TX Pin=U1-36
Added Pin To Net: NetName=USART2_RX Pin=U1-37
Added Pin To Net: NetName=GND Pin=U1-38
Added Pin To Net: NetName=3.3V Pin=U1-39
Added Pin To Net: NetName=SYNREC Pin=U1-44
Added Pin To Net: NetName=SYNRESET Pin=U1-45
Added Pin To Net: NetName=NRESET Pin=U1-46
Added Pin To Net: NetName=WAKE Pin=U1-47
Added Pin To Net: NetName=BOOT1 Pin=U1-48
Added Pin To Net: NetName=GND Pin=U1-51
Added Pin To Net: NetName=3.3V Pin=U1-52
Added Pin To Net: NetName=PE7 Pin=U1-58
Added Pin To Net: NetName=PE8 Pin=U1-59
Added Pin To Net: NetName=PE9 Pin=U1-60
Added Pin To Net: NetName=GND Pin=U1-61
Added Pin To Net: NetName=3.3V Pin=U1-62
Added Pin To Net: NetName=PE10 Pin=U1-63
Added Pin To Net: NetName=PE11 Pin=U1-64
Added Pin To Net: NetName=PE12 Pin=U1-65
Added Pin To Net: NetName=PE13 Pin=U1-66
Added Pin To Net: NetName=PE14 Pin=U1-67
Added Pin To Net: NetName=PE15 Pin=U1-68
Added Pin To Net: NetName=USART3_TX Pin=U1-69
Added Pin To Net: NetName=USART3_RX Pin=U1-70
Added Pin To Net: NetName=GND Pin=U1-71
Added Pin To Net: NetName=3.3V Pin=U1-72
Added Pin To Net: NetName=PD8 Pin=U1-77
Added Pin To Net: NetName=PD9 Pin=U1-78
Added Pin To Net: NetName=PD10 Pin=U1-79
Added Pin To Net: NetName=PD11 Pin=U1-80
Added Pin To Net: NetName=BK Pin=U1-81
Added Pin To Net: NetName=PD13 Pin=U1-82
Added Pin To Net: NetName=GND Pin=U1-83
Added Pin To Net: NetName=3.3V Pin=U1-84
Added Pin To Net: NetName=PD14 Pin=U1-85
Added Pin To Net: NetName=PD15 Pin=U1-86
Added Pin To Net: NetName=GND Pin=U1-94
Added Pin To Net: NetName=3.3V Pin=U1-95
Added Pin To Net: NetName=PC8 Pin=U1-98
Added Pin To Net: NetName=PC9 Pin=U1-99
Added Pin To Net: NetName=USART1_TX Pin=U1-101
Added Pin To Net: NetName=USART1_RX Pin=U1-102
Added Pin To Net: NetName=KEY1 Pin=U1-103
Added Pin To Net: NetName=TMS Pin=U1-105
Added Pin To Net: NetName=GND Pin=U1-107
Added Pin To Net: NetName=3.3V Pin=U1-108
Added Pin To Net: NetName=TCK Pin=U1-109
Added Pin To Net: NetName=TDI Pin=U1-110
Added Pin To Net: NetName=PC10 Pin=U1-111
Added Pin To Net: NetName=PC10 Pin=U1-112
Added Pin To Net: NetName=PC12 Pin=U1-113
Added Pin To Net: NetName=PD0 Pin=U1-114
Added Pin To Net: NetName=PD1 Pin=U1-115
Added Pin To Net: NetName=SDIO_PD2 Pin=U1-116
Added Pin To Net: NetName=PD4 Pin=U1-118
Added Pin To Net: NetName=PD5 Pin=U1-119
Added Pin To Net: NetName=GND Pin=U1-120
Added Pin To Net: NetName=3.3V Pin=U1-121
Added Pin To Net: NetName=PD7 Pin=U1-123
Added Pin To Net: NetName=GND Pin=U1-130
Added Pin To Net: NetName=3.3V Pin=U1-131
Added Pin To Net: NetName=TDO Pin=U1-133
Added Pin To Net: NetName=NTRST Pin=U1-134
Added Pin To Net: NetName=BOOT0 Pin=U1-138
Added Pin To Net: NetName=PE0 Pin=U1-141
Added Pin To Net: NetName=PE1 Pin=U1-142
Added Pin To Net: NetName=GND Pin=U1-143
Added Pin To Net: NetName=3.3V Pin=U1-144
Added Pin To Net: NetName=NetC13_1 Pin=C13-1
Added Pin To Net: NetName=NetC13_1 Pin=U1-32
Added Net: Name=NetC13_1
Added Pin To Net: NetName=NetC14_1 Pin=C14-1
Added Pin To Net: NetName=NetC14_1 Pin=U1-33
Added Net: Name=NetC14_1
Added Pin To Net: NetName=NetR20_2 Pin=R20-2
Added Pin To Net: NetName=NetR20_2 Pin=synD0-1
Added Net: Name=NetR20_2
Added Member To Class: ClassName=Sheet2 Member=Component BLE102 
Added Member To Class: ClassName=Sheet2 Member=Component C16 Cap
Added Member To Class: ClassName=Sheet2 Member=Component U1 STM32F103Z
Added Room: Name=Sheet2
