Removed Pin From Net: NetName=PE1 Pin=LCD-1
Removed Pin From Net: NetName=GND Pin=LCD-2
Removed Pin From Net: NetName=PD9 Pin=LCD-3
Removed Pin From Net: NetName=PD10 Pin=LCD-4
Removed Pin From Net: NetName=PE15 Pin=LCD-5
Removed Pin From Net: NetName=PD8 Pin=LCD-6
Removed Pin From Net: NetName=PE13 Pin=LCD-7
Removed Pin From Net: NetName=PE14 Pin=LCD-8
Removed Pin From Net: NetName=PE11 Pin=LCD-9
Removed Pin From Net: NetName=PE12 Pin=LCD-10
Removed Pin From Net: NetName=PE9 Pin=LCD-11
Removed Pin From Net: NetName=PE10 Pin=LCD-12
Removed Pin From Net: NetName=PE7 Pin=LCD-13
Removed Pin From Net: NetName=PE8 Pin=LCD-14
Removed Pin From Net: NetName=PD0 Pin=LCD-15
Removed Pin From Net: NetName=PD1 Pin=LCD-16
Removed Pin From Net: NetName=PD14 Pin=LCD-17
Removed Pin From Net: NetName=PD15 Pin=LCD-18
Removed Pin From Net: NetName=PD5 Pin=LCD-19
Removed Pin From Net: NetName=PD4 Pin=LCD-20
Removed Pin From Net: NetName=PD7 Pin=LCD-21
Removed Pin From Net: NetName=PD11 Pin=LCD-22
Removed Pin From Net: NetName=PD13 Pin=LCD-23
Removed Pin From Net: NetName=PE0 Pin=LCD-24
Removed Pin From Net: NetName=PE3 Pin=LCD-25
Removed Pin From Net: NetName=PE2 Pin=LCD-26
Removed Pin From Net: NetName=BK Pin=LCD-27
Removed Pin From Net: NetName=PE4 Pin=LCD-28
Removed Pin From Net: NetName=GND Pin=LCD-29
Removed Pin From Net: NetName=5V Pin=LCD-30
Removed Pin From Net: NetName=GND Pin=LCD-31
Removed Pin From Net: NetName=3.3V Pin=LCD-32
Added Pin To Net: NetName=GND Pin=LCD-1
Added Pin To Net: NetName=PE1 Pin=LCD-2
Added Pin To Net: NetName=PD10 Pin=LCD-3
Added Pin To Net: NetName=PD9 Pin=LCD-4
Added Pin To Net: NetName=PD8 Pin=LCD-5
Added Pin To Net: NetName=PE15 Pin=LCD-6
Added Pin To Net: NetName=PE14 Pin=LCD-7
Added Pin To Net: NetName=PE13 Pin=LCD-8
Added Pin To Net: NetName=PE12 Pin=LCD-9
Added Pin To Net: NetName=PE11 Pin=LCD-10
Added Pin To Net: NetName=PE10 Pin=LCD-11
Added Pin To Net: NetName=PE9 Pin=LCD-12
Added Pin To Net: NetName=PE8 Pin=LCD-13
Added Pin To Net: NetName=PE7 Pin=LCD-14
Added Pin To Net: NetName=PD1 Pin=LCD-15
Added Pin To Net: NetName=PD0 Pin=LCD-16
Added Pin To Net: NetName=PD15 Pin=LCD-17
Added Pin To Net: NetName=PD14 Pin=LCD-18
Added Pin To Net: NetName=PD4 Pin=LCD-19
Added Pin To Net: NetName=PD5 Pin=LCD-20
Added Pin To Net: NetName=PD11 Pin=LCD-21
Added Pin To Net: NetName=PD7 Pin=LCD-22
Added Pin To Net: NetName=PE0 Pin=LCD-23
Added Pin To Net: NetName=PD13 Pin=LCD-24
Added Pin To Net: NetName=PE2 Pin=LCD-25
Added Pin To Net: NetName=PE3 Pin=LCD-26
Added Pin To Net: NetName=PE4 Pin=LCD-27
Added Pin To Net: NetName=BK Pin=LCD-28
Added Pin To Net: NetName=5V Pin=LCD-29
Added Pin To Net: NetName=GND Pin=LCD-30
Added Pin To Net: NetName=3.3V Pin=LCD-31
Added Pin To Net: NetName=GND Pin=LCD-32
Added Room: Name=Sheet2
