Added Pin To Net: NetName=3.3V Pin=AMS117-2
Added Pin To Net: NetName=3.3V Pin=C8-1
Added Pin To Net: NetName=3.3V Pin=C9-2
Added Pin To Net: NetName=3.3V Pin=C12-2
Added Pin To Net: NetName=3.3V Pin=C13-1
Added Pin To Net: NetName=3.3V Pin=C14-1
Added Pin To Net: NetName=3.3V Pin=C15-2
Added Pin To Net: NetName=3.3V Pin=C16-1
Added Pin To Net: NetName=3.3V Pin=J1-4
Added Pin To Net: NetName=3.3V Pin=JTAG-1
Added Pin To Net: NetName=3.3V Pin=JTAG-2
Added Pin To Net: NetName=3.3V Pin=key1-2
Added Pin To Net: NetName=3.3V Pin=key1-3
Added Pin To Net: NetName=3.3V Pin=LCD-31
Added Pin To Net: NetName=3.3V Pin=P7-1
Added Pin To Net: NetName=3.3V Pin=P7-2
Added Pin To Net: NetName=3.3V Pin=POWER2-2
Added Pin To Net: NetName=3.3V Pin=POWER2-4
Added Pin To Net: NetName=3.3V Pin=POWER2-6
Added Pin To Net: NetName=3.3V Pin=POWER2-8
Added Pin To Net: NetName=3.3V Pin=POWER2-10
Added Pin To Net: NetName=3.3V Pin=R1-2
Added Pin To Net: NetName=3.3V Pin=R2-2
Added Pin To Net: NetName=3.3V Pin=R3-2
Added Pin To Net: NetName=3.3V Pin=R4-2
Added Pin To Net: NetName=3.3V Pin=R5-2
Added Pin To Net: NetName=3.3V Pin=R11-2
Added Pin To Net: NetName=3.3V Pin=R13-1
Added Pin To Net: NetName=3.3V Pin=R15-2
Added Pin To Net: NetName=3.3V Pin=R16-2
Added Pin To Net: NetName=3.3V Pin=R17-1
Added Pin To Net: NetName=3.3V Pin=R18-1
Added Pin To Net: NetName=3.3V Pin=R19-1
Added Pin To Net: NetName=3.3V Pin=U1-6
Added Pin To Net: NetName=3.3V Pin=U1-17
Added Pin To Net: NetName=3.3V Pin=U1-32
Added Pin To Net: NetName=3.3V Pin=U1-33
Added Pin To Net: NetName=3.3V Pin=U1-39
Added Pin To Net: NetName=3.3V Pin=U1-52
Added Pin To Net: NetName=3.3V Pin=U1-62
Added Pin To Net: NetName=3.3V Pin=U1-72
Added Pin To Net: NetName=3.3V Pin=U1-84
Added Pin To Net: NetName=3.3V Pin=U1-95
Added Pin To Net: NetName=3.3V Pin=U1-108
Added Pin To Net: NetName=3.3V Pin=U1-121
Added Pin To Net: NetName=3.3V Pin=U1-131
Added Pin To Net: NetName=3.3V Pin=U1-144
Added Net: Name=3.3V
Added Pin To Net: NetName=5V_IN Pin=SWITCH-开关-1
Added Pin To Net: NetName=5V_IN Pin=SWITCH-开关-6
Added Pin To Net: NetName=5V_IN Pin=USB-1
Added Net: Name=5V_IN
Added Pin To Net: NetName=5V Pin=AMS117-3
Added Pin To Net: NetName=5V Pin=C6-2
Added Pin To Net: NetName=5V Pin=C7-2
Added Pin To Net: NetName=5V Pin=LCD-29
Added Pin To Net: NetName=5V Pin=POWER1-2
Added Pin To Net: NetName=5V Pin=POWER1-4
Added Pin To Net: NetName=5V Pin=POWER1-6
Added Pin To Net: NetName=5V Pin=POWER1-8
Added Pin To Net: NetName=5V Pin=POWER1-10
Added Pin To Net: NetName=5V Pin=R14-1
Added Pin To Net: NetName=5V Pin=SWITCH-开关-2
Added Pin To Net: NetName=5V Pin=SWITCH-开关-5
Added Pin To Net: NetName=5V Pin=SYN2-1
Added Pin To Net: NetName=5V Pin=SYN2-2
Added Pin To Net: NetName=5V Pin=WIFI-1
Added Net: Name=5V
Added Pin To Net: NetName=GND Pin=AMS117-1
Added Pin To Net: NetName=GND Pin=BLE102-1
Added Pin To Net: NetName=GND Pin=BLE102-11
Added Pin To Net: NetName=GND Pin=BLE102-12
Added Pin To Net: NetName=GND Pin=BLE102-17
Added Pin To Net: NetName=GND Pin=BLE102-28
Added Pin To Net: NetName=GND Pin=BLE102-29
Added Pin To Net: NetName=GND Pin=BLE102-44
Added Pin To Net: NetName=GND Pin=C1-1
Added Pin To Net: NetName=GND Pin=C2-1
Added Pin To Net: NetName=GND Pin=C3-2
Added Pin To Net: NetName=GND Pin=C4-2
Added Pin To Net: NetName=GND Pin=C5-2
Added Pin To Net: NetName=GND Pin=C6-1
Added Pin To Net: NetName=GND Pin=C7-1
Added Pin To Net: NetName=GND Pin=C8-2
Added Pin To Net: NetName=GND Pin=C9-1
Added Pin To Net: NetName=GND Pin=C11-1
Added Pin To Net: NetName=GND Pin=C12-1
Added Pin To Net: NetName=GND Pin=C13-2
Added Pin To Net: NetName=GND Pin=C14-2
Added Pin To Net: NetName=GND Pin=C16-2
Added Pin To Net: NetName=GND Pin=D2-2
Added Pin To Net: NetName=GND Pin=D3-2
Added Pin To Net: NetName=GND Pin=J1-6
Added Pin To Net: NetName=GND Pin=J1-10
Added Pin To Net: NetName=GND Pin=J1-11
Added Pin To Net: NetName=GND Pin=J1-12
Added Pin To Net: NetName=GND Pin=J1-13
Added Pin To Net: NetName=GND Pin=JTAG-4
Added Pin To Net: NetName=GND Pin=JTAG-6
Added Pin To Net: NetName=GND Pin=JTAG-8
Added Pin To Net: NetName=GND Pin=JTAG-10
Added Pin To Net: NetName=GND Pin=JTAG-12
Added Pin To Net: NetName=GND Pin=JTAG-14
Added Pin To Net: NetName=GND Pin=JTAG-16
Added Pin To Net: NetName=GND Pin=JTAG-18
Added Pin To Net: NetName=GND Pin=JTAG-20
Added Pin To Net: NetName=GND Pin=LCD-1
Added Pin To Net: NetName=GND Pin=LCD-30
Added Pin To Net: NetName=GND Pin=LCD-32
Added Pin To Net: NetName=GND Pin=P8-1
Added Pin To Net: NetName=GND Pin=P8-2
Added Pin To Net: NetName=GND Pin=POWER1-1
Added Pin To Net: NetName=GND Pin=POWER1-3
Added Pin To Net: NetName=GND Pin=POWER1-5
Added Pin To Net: NetName=GND Pin=POWER1-7
Added Pin To Net: NetName=GND Pin=POWER1-9
Added Pin To Net: NetName=GND Pin=POWER2-1
Added Pin To Net: NetName=GND Pin=POWER2-3
Added Pin To Net: NetName=GND Pin=POWER2-5
Added Pin To Net: NetName=GND Pin=POWER2-7
Added Pin To Net: NetName=GND Pin=POWER2-9
Added Pin To Net: NetName=GND Pin=R6-1
Added Pin To Net: NetName=GND Pin=R7-2
Added Pin To Net: NetName=GND Pin=R12-1
Added Pin To Net: NetName=GND Pin=R23-1
Added Pin To Net: NetName=GND Pin=S1-2
Added Pin To Net: NetName=GND Pin=S1-3
Added Pin To Net: NetName=GND Pin=SYN-9
Added Pin To Net: NetName=GND Pin=SYN-10
Added Pin To Net: NetName=GND Pin=U1-16
Added Pin To Net: NetName=GND Pin=U1-30
Added Pin To Net: NetName=GND Pin=U1-31
Added Pin To Net: NetName=GND Pin=U1-38
Added Pin To Net: NetName=GND Pin=U1-51
Added Pin To Net: NetName=GND Pin=U1-61
Added Pin To Net: NetName=GND Pin=U1-71
Added Pin To Net: NetName=GND Pin=U1-83
Added Pin To Net: NetName=GND Pin=U1-94
Added Pin To Net: NetName=GND Pin=U1-107
Added Pin To Net: NetName=GND Pin=U1-120
Added Pin To Net: NetName=GND Pin=U1-130
Added Pin To Net: NetName=GND Pin=U1-143
Added Pin To Net: NetName=GND Pin=USB-5
Added Pin To Net: NetName=GND Pin=WIFI-2
Added Net: Name=GND
Added Room: Name=Sheet2
