Removed Pin From Net: NetName=PE1 Pin=LCD-1
Removed Pin From Net: NetName=PD9 Pin=LCD-3
Removed Pin From Net: NetName=PD10 Pin=LCD-4
Removed Pin From Net: NetName=PE15 Pin=LCD-5
Removed Pin From Net: NetName=PD8 Pin=LCD-6
Removed Pin From Net: NetName=PE13 Pin=LCD-7
Removed Pin From Net: NetName=PE14 Pin=LCD-8
Removed Pin From Net: NetName=PE11 Pin=LCD-9
Removed Pin From Net: NetName=PE12 Pin=LCD-10
Removed Pin From Net: NetName=PE9 Pin=LCD-11
Removed Pin From Net: NetName=PE10 Pin=LCD-12
Removed Pin From Net: NetName=PE7 Pin=LCD-13
Removed Pin From Net: NetName=PE8 Pin=LCD-14
Removed Pin From Net: NetName=PD0 Pin=LCD-15
Removed Pin From Net: NetName=PD1 Pin=LCD-16
Removed Pin From Net: NetName=PD14 Pin=LCD-17
Removed Pin From Net: NetName=PD15 Pin=LCD-18
Removed Pin From Net: NetName=PD5 Pin=LCD-19
Removed Pin From Net: NetName=PD4 Pin=LCD-20
Removed Pin From Net: NetName=PD7 Pin=LCD-21
Removed Pin From Net: NetName=PD11 Pin=LCD-22
Removed Pin From Net: NetName=PD13 Pin=LCD-23
Removed Pin From Net: NetName=PE0 Pin=LCD-24
Removed Pin From Net: NetName=PE3 Pin=LCD-25
Removed Pin From Net: NetName=PE2 Pin=LCD-26
Removed Pin From Net: NetName=BK Pin=LCD-27
Removed Pin From Net: NetName=PE4 Pin=LCD-28
Removed Pin From Net: NetName=5V Pin=LCD-30
Removed Pin From Net: NetName=3.3V Pin=LCD-32
Added Pin To Net: NetName=PE1 Pin=LCD-2
Added Pin To Net: NetName=PD10 Pin=LCD-3
Added Pin To Net: NetName=PD9 Pin=LCD-4
Added Pin To Net: NetName=PD8 Pin=LCD-5
Added Pin To Net: NetName=PE15 Pin=LCD-6
Added Pin To Net: NetName=PE14 Pin=LCD-7
Added Pin To Net: NetName=PE13 Pin=LCD-8
Added Pin To Net: NetName=PE12 Pin=LCD-9
Added Pin To Net: NetName=PE11 Pin=LCD-10
Added Pin To Net: NetName=PE10 Pin=LCD-11
Added Pin To Net: NetName=PE9 Pin=LCD-12
Added Pin To Net: NetName=PE8 Pin=LCD-13
Added Pin To Net: NetName=PE7 Pin=LCD-14
Added Pin To Net: NetName=PD1 Pin=LCD-15
Added Pin To Net: NetName=PD0 Pin=LCD-16
Added Pin To Net: NetName=PD15 Pin=LCD-17
Added Pin To Net: NetName=PD14 Pin=LCD-18
Added Pin To Net: NetName=PD4 Pin=LCD-19
Added Pin To Net: NetName=PD5 Pin=LCD-20
Added Pin To Net: NetName=PD11 Pin=LCD-21
Added Pin To Net: NetName=PD7 Pin=LCD-22
Added Pin To Net: NetName=PE0 Pin=LCD-23
Added Pin To Net: NetName=PD13 Pin=LCD-24
Added Pin To Net: NetName=PE2 Pin=LCD-25
Added Pin To Net: NetName=PE3 Pin=LCD-26
Added Pin To Net: NetName=PE4 Pin=LCD-27
Added Pin To Net: NetName=BK Pin=LCD-28
Added Pin To Net: NetName=5V Pin=LCD-29
Added Pin To Net: NetName=3.3V Pin=LCD-31
Added Pin To Net: NetName=GND Pin=AMS117-1
Added Pin To Net: NetName=GND Pin=BLE102-1
Added Pin To Net: NetName=GND Pin=BLE102-11
Added Pin To Net: NetName=GND Pin=BLE102-12
Added Pin To Net: NetName=GND Pin=BLE102-17
Added Pin To Net: NetName=GND Pin=BLE102-28
Added Pin To Net: NetName=GND Pin=BLE102-29
Added Pin To Net: NetName=GND Pin=BLE102-44
Added Pin To Net: NetName=GND Pin=C1-1
Added Pin To Net: NetName=GND Pin=C2-1
Added Pin To Net: NetName=GND Pin=C3-2
Added Pin To Net: NetName=GND Pin=C4-2
Added Pin To Net: NetName=GND Pin=C5-2
Added Pin To Net: NetName=GND Pin=C6-1
Added Pin To Net: NetName=GND Pin=C7-1
Added Pin To Net: NetName=GND Pin=C8-2
Added Pin To Net: NetName=GND Pin=C9-1
Added Pin To Net: NetName=GND Pin=C11-1
Added Pin To Net: NetName=GND Pin=C12-1
Added Pin To Net: NetName=GND Pin=C13-2
Added Pin To Net: NetName=GND Pin=C14-2
Added Pin To Net: NetName=GND Pin=C16-2
Added Pin To Net: NetName=GND Pin=D2-2
Added Pin To Net: NetName=GND Pin=D3-2
Added Pin To Net: NetName=GND Pin=J1-6
Added Pin To Net: NetName=GND Pin=J1-10
Added Pin To Net: NetName=GND Pin=J1-11
Added Pin To Net: NetName=GND Pin=J1-12
Added Pin To Net: NetName=GND Pin=J1-13
Added Pin To Net: NetName=GND Pin=JTAG-4
Added Pin To Net: NetName=GND Pin=JTAG-6
Added Pin To Net: NetName=GND Pin=JTAG-8
Added Pin To Net: NetName=GND Pin=JTAG-10
Added Pin To Net: NetName=GND Pin=JTAG-12
Added Pin To Net: NetName=GND Pin=JTAG-14
Added Pin To Net: NetName=GND Pin=JTAG-16
Added Pin To Net: NetName=GND Pin=JTAG-18
Added Pin To Net: NetName=GND Pin=JTAG-20
Added Pin To Net: NetName=GND Pin=LCD-1
Added Pin To Net: NetName=GND Pin=LCD-30
Added Pin To Net: NetName=GND Pin=LCD-32
Added Pin To Net: NetName=GND Pin=P8-1
Added Pin To Net: NetName=GND Pin=P8-2
Added Pin To Net: NetName=GND Pin=POWER1-1
Added Pin To Net: NetName=GND Pin=POWER1-3
Added Pin To Net: NetName=GND Pin=POWER1-5
Added Pin To Net: NetName=GND Pin=POWER1-7
Added Pin To Net: NetName=GND Pin=POWER1-9
Added Pin To Net: NetName=GND Pin=POWER2-1
Added Pin To Net: NetName=GND Pin=POWER2-3
Added Pin To Net: NetName=GND Pin=POWER2-5
Added Pin To Net: NetName=GND Pin=POWER2-7
Added Pin To Net: NetName=GND Pin=POWER2-9
Added Pin To Net: NetName=GND Pin=R6-1
Added Pin To Net: NetName=GND Pin=R7-2
Added Pin To Net: NetName=GND Pin=R12-1
Added Pin To Net: NetName=GND Pin=R23-1
Added Pin To Net: NetName=GND Pin=S1-2
Added Pin To Net: NetName=GND Pin=S1-3
Added Pin To Net: NetName=GND Pin=SYN-9
Added Pin To Net: NetName=GND Pin=SYN-10
Added Pin To Net: NetName=GND Pin=U1-16
Added Pin To Net: NetName=GND Pin=U1-30
Added Pin To Net: NetName=GND Pin=U1-31
Added Pin To Net: NetName=GND Pin=U1-38
Added Pin To Net: NetName=GND Pin=U1-51
Added Pin To Net: NetName=GND Pin=U1-61
Added Pin To Net: NetName=GND Pin=U1-71
Added Pin To Net: NetName=GND Pin=U1-83
Added Pin To Net: NetName=GND Pin=U1-94
Added Pin To Net: NetName=GND Pin=U1-107
Added Pin To Net: NetName=GND Pin=U1-120
Added Pin To Net: NetName=GND Pin=U1-130
Added Pin To Net: NetName=GND Pin=U1-143
Added Pin To Net: NetName=GND Pin=USB-5
Added Pin To Net: NetName=GND Pin=WIFI-2
Added Net: Name=GND
Added Member To Class: ClassName=Sheet2 Member=Component U1 STM32F103Z
Added Room: Name=Sheet2
